{
  "stats": {
    "suites": 1,
    "tests": 5,
    "passes": 5,
    "pending": 0,
    "failures": 0,
    "start": "2022-05-23T01:50:33.327Z",
    "end": "2022-05-23T01:50:34.481Z",
    "duration": 1154,
    "testsRegistered": 5,
    "passPercent": 100,
    "pendingPercent": 0,
    "other": 0,
    "hasOther": false,
    "skipped": 0,
    "hasSkipped": false
  },
  "results": [
    {
      "uuid": "5c95762f-1ff3-4e6f-a6b2-2651436988fc",
      "title": "",
      "fullFile": "/Users/darlingcabral/picpay/qa/json_placeholder/test/test.js",
      "file": "/test/test.js",
      "beforeHooks": [],
      "afterHooks": [],
      "tests": [],
      "suites": [
        {
          "uuid": "a2649ff1-3466-47e7-82e1-e12910421408",
          "title": "Cenários de Testes - Json Placeholder",
          "fullFile": "/Users/darlingcabral/picpay/qa/json_placeholder/test/test.js",
          "file": "/test/test.js",
          "beforeHooks": [],
          "afterHooks": [],
          "tests": [
            {
              "title": "Criar Novo Registro",
              "fullTitle": "Cenários de Testes - Json Placeholder Criar Novo Registro",
              "timedOut": false,
              "duration": 389,
              "state": "passed",
              "speed": "slow",
              "pass": true,
              "fail": false,
              "pending": false,
              "context": null,
              "code": "this.timeout(request_timeout);\nrequest(URL)\n.post(PATH_POST)\n.send(novo_registro)\n.expect('Content-Type', /json/)\n.end(function(err, res) {\n  expect(res.status).to.be.eql(201);\n  Joi.assert(res.body, schemaRegistroCriado);\n  id_user = (res.body.userId)\n  done(err);\n});",
              "err": {},
              "uuid": "b1e182ec-7a0f-473e-83cf-9d2327bb9e26",
              "parentUUID": "a2649ff1-3466-47e7-82e1-e12910421408",
              "isHook": false,
              "skipped": false
            },
            {
              "title": "Consultar Registro por User ID ",
              "fullTitle": "Cenários de Testes - Json Placeholder Consultar Registro por User ID ",
              "timedOut": false,
              "duration": 81,
              "state": "passed",
              "speed": "slow",
              "pass": true,
              "fail": false,
              "pending": false,
              "context": null,
              "code": "this.timeout(request_timeout);\nrequest(URL)\n.get(PATH_POST_USERID + id_user)\n.expect('Content-Type', /json/)\n.end(function(err, res) {\n  expect(res.status).to.be.eql(200);\n  Joi.assert(res.body, schemaArrayRegistroCriado);\n  done(err);\n});",
              "err": {},
              "uuid": "98d8d35a-a16a-42bb-b0af-e76354513071",
              "parentUUID": "a2649ff1-3466-47e7-82e1-e12910421408",
              "isHook": false,
              "skipped": false
            },
            {
              "title": "Consultar Registro por ID ",
              "fullTitle": "Cenários de Testes - Json Placeholder Consultar Registro por ID ",
              "timedOut": false,
              "duration": 313,
              "state": "passed",
              "speed": "slow",
              "pass": true,
              "fail": false,
              "pending": false,
              "context": null,
              "code": "this.timeout(request_timeout);\nrequest(URL)\n.get(PATH_POST_ID)\n.expect('Content-Type', /json/)\n.end(function(err, res) {\n  expect(res.status).to.be.eql(200);\n  Joi.assert(res.body, schemaArrayRegistroCriado);\n  done(err);\n});",
              "err": {},
              "uuid": "3b3b0a60-5844-4c7f-8f6b-54f19f929e32",
              "parentUUID": "a2649ff1-3466-47e7-82e1-e12910421408",
              "isHook": false,
              "skipped": false
            },
            {
              "title": "Consultar Todos Registros ",
              "fullTitle": "Cenários de Testes - Json Placeholder Consultar Todos Registros ",
              "timedOut": false,
              "duration": 66,
              "state": "passed",
              "speed": "medium",
              "pass": true,
              "fail": false,
              "pending": false,
              "context": null,
              "code": "this.timeout(request_timeout);\nrequest(URL)\n.get(PATH_POST)\n.expect('Content-Type', /json/)\n.end(function(err, res) {\n  expect(res.status).to.be.eql(200);\n  Joi.assert(res.body, schemaArrayRegistroCriado);\n  done(err);\n});",
              "err": {},
              "uuid": "e5ba21f4-5ac5-4ee7-899f-fa11150ebcb9",
              "parentUUID": "a2649ff1-3466-47e7-82e1-e12910421408",
              "isHook": false,
              "skipped": false
            },
            {
              "title": "Permitir Criação mesmo sem Payload",
              "fullTitle": "Cenários de Testes - Json Placeholder Permitir Criação mesmo sem Payload",
              "timedOut": false,
              "duration": 297,
              "state": "passed",
              "speed": "slow",
              "pass": true,
              "fail": false,
              "pending": false,
              "context": null,
              "code": "this.timeout(request_timeout);\nrequest(URL)\n.post(PATH_POST)\n.expect('Content-Type', /json/)\n.end(function(err, res) {\n  expect(res.status).to.be.eql(201);\n  done(err);\n});",
              "err": {},
              "uuid": "946b8ddd-47f7-4bed-ab76-dec05ea97649",
              "parentUUID": "a2649ff1-3466-47e7-82e1-e12910421408",
              "isHook": false,
              "skipped": false
            }
          ],
          "suites": [],
          "passes": [
            "b1e182ec-7a0f-473e-83cf-9d2327bb9e26",
            "98d8d35a-a16a-42bb-b0af-e76354513071",
            "3b3b0a60-5844-4c7f-8f6b-54f19f929e32",
            "e5ba21f4-5ac5-4ee7-899f-fa11150ebcb9",
            "946b8ddd-47f7-4bed-ab76-dec05ea97649"
          ],
          "failures": [],
          "pending": [],
          "skipped": [],
          "duration": 1146,
          "root": false,
          "rootEmpty": false,
          "_timeout": 2000
        }
      ],
      "passes": [],
      "failures": [],
      "pending": [],
      "skipped": [],
      "duration": 0,
      "root": true,
      "rootEmpty": true,
      "_timeout": 2000
    }
  ],
  "meta": {
    "mocha": {
      "version": "10.0.0"
    },
    "mochawesome": {
      "options": {
        "quiet": false,
        "reportFilename": "mochawesome",
        "saveHtml": true,
        "saveJson": true,
        "consoleReporter": "spec",
        "useInlineDiffs": false,
        "code": true
      },
      "version": "7.1.3"
    },
    "marge": {
      "options": null,
      "version": "6.2.0"
    }
  }
}